#
# There is insufficient memory for the Java Runtime Environment to continue.
# Native memory allocation (malloc) failed to allocate 32784 bytes for Chunk::new
# Possible reasons:
#   The system is out of physical RAM or swap space
#   In 32 bit mode, the process size limit was hit
# Possible solutions:
#   Reduce memory load on the system
#   Increase physical memory or swap space
#   Check if swap backing store is full
#   Use 64 bit Java on a 64 bit OS
#   Decrease Java heap size (-Xmx/-Xms)
#   Decrease number of Java threads
#   Decrease Java thread stack sizes (-Xss)
#   Set larger code cache with -XX:ReservedCodeCacheSize=
# This output file may be truncated or incomplete.
#
#  Out of Memory Error (allocation.cpp:390), pid=9384, tid=0x000000000000260c
#
# JRE version: OpenJDK Runtime Environment (8.0_152-b02) (build 1.8.0_152-release-1024-b02)
# Java VM: OpenJDK 64-Bit Server VM (25.152-b02 mixed mode windows-amd64 compressed oops)
# Failed to write core dump. Minidumps are not enabled by default on client versions of Windows
#

---------------  T H R E A D  ---------------

Current thread (0x0000000016e8c000):  JavaThread "C2 CompilerThread0" daemon [_thread_in_native, id=9740, stack(0x00000000183f0000,0x00000000184f0000)]

Stack: [0x00000000183f0000,0x00000000184f0000]
[error occurred during error reporting (printing stack bounds), id 0xc0000005]

Native frames: (J=compiled Java code, j=interpreted, Vv=VM code, C=native code)


Current CompileTask:
C2: 241626 13500       4       com.android.apkzlib.zip.StoredEntry::readLocalHeader (422 bytes)


---------------  P R O C E S S  ---------------

Java Threads: ( => current thread )
  0x000000001f1ff000 JavaThread "ForkJoinPool.commonPool-worker-2" daemon [_thread_blocked, id=3420, stack(0x0000000029530000,0x0000000029630000)]
  0x000000001f1fe000 JavaThread "ForkJoinPool.commonPool-worker-0" daemon [_thread_blocked, id=6688, stack(0x0000000029330000,0x0000000029430000)]
  0x000000001f1fb000 JavaThread "ForkJoinPool.commonPool-worker-3" daemon [_thread_in_native, id=12568, stack(0x0000000029230000,0x0000000029330000)]
  0x000000001f1fd800 JavaThread "Cache worker for Java compile cache (C:\Users\Holmes\AndroidStudioProjects\android-design-patterns\Exercise5\.gradle\4.4\javaCompile)" [_thread_blocked, id=9412, stack(0x0000000028f30000,0x0000000029030000)]
  0x000000001bb73000 JavaThread "Task worker for ':' Thread 3" [_thread_blocked, id=5048, stack(0x0000000028130000,0x0000000028230000)]
  0x000000001bb76000 JavaThread "Task worker for ':' Thread 2" [_thread_blocked, id=1768, stack(0x0000000028030000,0x0000000028130000)]
  0x000000001bb74000 JavaThread "Task worker for ':'" [_thread_in_native, id=11284, stack(0x0000000027f30000,0x0000000028030000)]
  0x000000001bb72800 JavaThread "Cache worker for Build Output Cleanup Cache (C:\Users\Holmes\AndroidStudioProjects\android-design-patterns\Exercise5\.gradle\buildOutputCleanup)" [_thread_blocked, id=9788, stack(0x0000000027e30000,0x0000000027f30000)]
  0x000000001bb74800 JavaThread "Cache worker for task history cache (C:\Users\Holmes\AndroidStudioProjects\android-design-patterns\Exercise5\.gradle\4.4\taskHistory)" [_thread_blocked, id=8032, stack(0x0000000027d30000,0x0000000027e30000)]
  0x000000001bb75800 JavaThread "Cache worker for file content cache (C:\Users\Holmes\AndroidStudioProjects\android-design-patterns\Exercise5\.gradle\4.4\fileContent)" [_thread_blocked, id=9624, stack(0x0000000027c30000,0x0000000027d30000)]
  0x000000001bb71800 JavaThread "build operations Thread 4" [_thread_blocked, id=1956, stack(0x0000000027b30000,0x0000000027c30000)]
  0x000000001bb71000 JavaThread "build operations Thread 3" [_thread_blocked, id=7580, stack(0x0000000027a30000,0x0000000027b30000)]
  0x000000001bb69800 JavaThread "build operations Thread 2" [_thread_blocked, id=11000, stack(0x0000000027930000,0x0000000027a30000)]
  0x000000001bb70000 JavaThread "build operations" [_thread_blocked, id=5152, stack(0x0000000027830000,0x0000000027930000)]
  0x000000001bb68800 JavaThread "Cache worker for Artifact transforms cache (C:\Users\Holmes\.gradle\caches\transforms-1)" [_thread_blocked, id=8548, stack(0x0000000027730000,0x0000000027830000)]
  0x000000001bb6e800 JavaThread "Cache worker for file hash cache (C:\Users\Holmes\AndroidStudioProjects\android-design-patterns\Exercise5\.gradle\4.4\fileHashes)" [_thread_blocked, id=14252, stack(0x0000000027630000,0x0000000027730000)]
  0x000000001bb6e000 JavaThread "Stdin handler" [_thread_blocked, id=8164, stack(0x0000000027530000,0x0000000027630000)]
  0x000000001bb6d000 JavaThread "Asynchronous log dispatcher for DefaultDaemonConnection: socket connection from /127.0.0.1:57257 to /127.0.0.1:57588" [_thread_blocked, id=9732, stack(0x0000000027430000,0x0000000027530000)]
  0x000000001bb6b800 JavaThread "Daemon worker Thread 2" [_thread_blocked, id=12196, stack(0x0000000027330000,0x0000000027430000)]
  0x000000001bb6a000 JavaThread "Cancel handler" [_thread_blocked, id=7576, stack(0x0000000027230000,0x0000000027330000)]
  0x000000001bb6f800 JavaThread "Handler for socket connection from /127.0.0.1:57257 to /127.0.0.1:57588" [_thread_in_native, id=11840, stack(0x0000000027130000,0x0000000027230000)]
  0x000000001bb68000 JavaThread "Daemon Thread 2" [_thread_blocked, id=504, stack(0x0000000027030000,0x0000000027130000)]
  0x000000001bb6c800 JavaThread "Java2D Disposer" daemon [_thread_blocked, id=14128, stack(0x0000000025830000,0x0000000025930000)]
  0x000000001d796800 JavaThread "Memory manager" [_thread_blocked, id=6848, stack(0x0000000021750000,0x0000000021850000)]
  0x000000001a244000 JavaThread "File lock request listener" [_thread_in_native, id=8528, stack(0x000000001b840000,0x000000001b940000)]
  0x0000000019f02000 JavaThread "Cache worker for file hash cache (C:\Users\Holmes\.gradle\caches\4.4\fileHashes)" [_thread_blocked, id=852, stack(0x000000001b740000,0x000000001b840000)]
  0x0000000019c98000 JavaThread "Daemon periodic checks" [_thread_blocked, id=8848, stack(0x000000001ac40000,0x000000001ad40000)]
  0x0000000019c97000 JavaThread "Incoming local TCP Connector on port 57257" [_thread_in_native, id=12988, stack(0x000000001aa00000,0x000000001ab00000)]
  0x0000000018718800 JavaThread "Service Thread" daemon [_thread_blocked, id=8312, stack(0x0000000018af0000,0x0000000018bf0000)]
  0x0000000016e9b800 JavaThread "C1 CompilerThread2" daemon [_thread_in_native, id=3676, stack(0x00000000185f0000,0x00000000186f0000)]
  0x0000000016e8f800 JavaThread "C2 CompilerThread1" daemon [_thread_in_native, id=988, stack(0x00000000184f0000,0x00000000185f0000)]
=>0x0000000016e8c000 JavaThread "C2 CompilerThread0" daemon [_thread_in_native, id=9740, stack(0x00000000183f0000,0x00000000184f0000)]
  0x0000000016e97800 JavaThread "Attach Listener" daemon [_thread_blocked, id=12544, stack(0x00000000182f0000,0x00000000183f0000)]
  0x0000000016e96800 JavaThread "Signal Dispatcher" daemon [_thread_blocked, id=2996, stack(0x00000000181f0000,0x00000000182f0000)]
  0x0000000016e78800 JavaThread "Finalizer" daemon [_thread_blocked, id=1196, stack(0x00000000180f0000,0x00000000181f0000)]
  0x0000000003414800 JavaThread "Reference Handler" daemon [_thread_blocked, id=5468, stack(0x0000000017ff0000,0x00000000180f0000)]
  0x000000000351d800 JavaThread "main" [_thread_blocked, id=13524, stack(0x00000000031a0000,0x00000000032a0000)]

Other Threads:
  0x0000000016e55000 VMThread [stack: 0x0000000017ef0000,0x0000000017ff0000] [id=12576]
  0x0000000016eee000 WatcherThread [stack: 0x0000000018bf0000,0x0000000018cf0000] [id=12396]

VM state:not at safepoint (normal execution)

VM Mutex/Monitor currently owned by a thread:  ([mutex/lock_event])
[0x00000000033218d0] Compile_lock - owner thread: 0x0000000000000000

Heap:
 PSYoungGen      total 357888K, used 156394K [0x00000000e0000000, 0x00000000f9400000, 0x0000000100000000)
  eden space 333312K, 46% used [0x00000000e0000000,0x00000000e97a8ed0,0x00000000f4580000)
  from space 24576K, 4% used [0x00000000f7c00000,0x00000000f7d11bc0,0x00000000f9400000)
  to   space 27136K, 0% used [0x00000000f5f00000,0x00000000f5f00000,0x00000000f7980000)
 ParOldGen       total 215040K, used 60308K [0x00000000a0000000, 0x00000000ad200000, 0x00000000e0000000)
  object space 215040K, 28% used [0x00000000a0000000,0x00000000a3ae50f0,0x00000000ad200000)
 Metaspace       used 78366K, capacity 81650K, committed 81792K, reserved 1120256K
  class space    used 10134K, capacity 10866K, committed 10880K, reserved 1048576K

Card table byte_map: [0x00000000128e0000,0x0000000012bf0000] byte_map_base: 0x00000000123e0000

Marking Bits: (ParMarkBitMap*) 0x00000000718c4970
 Begin Bits: [0x00000000131f0000, 0x00000000149f0000)
 End Bits:   [0x00000000149f0000, 0x00000000161f0000)

Polling page: 0x00000000013e0000

CodeCache: size=245760Kb used=37721Kb max_used=37722Kb free=208038Kb
 bounds [0x0000000003520000, 0x0000000005a30000, 0x0000000012520000]
 total_blobs=12123 nmethods=11194 adapters=840
 compilation: enabled

Compilation events (10 events):
Event: 241.592 Thread 0x0000000016e9b800 13496       3       java.util.StringJoiner::<init> (84 bytes)
Event: 241.592 Thread 0x0000000016e9b800 nmethod 13496 0x0000000005a1ca90 code [0x0000000005a1cd00, 0x0000000005a1db48]
Event: 241.592 Thread 0x0000000016e9b800 13497       3       java.util.StringJoiner::toString (65 bytes)
Event: 241.593 Thread 0x0000000016e9b800 nmethod 13497 0x0000000005a1bc50 code [0x0000000005a1be40, 0x0000000005a1c748]
Event: 241.593 Thread 0x0000000016e8f800 13498       4       com.android.apkzlib.zip.GPFlags::from (127 bytes)
Event: 241.594 Thread 0x0000000016e8c000 nmethod 13486 0x0000000005a22c10 code [0x0000000005a22da0, 0x0000000005a234a8]
Event: 241.594 Thread 0x0000000016e8c000 13500       4       com.android.apkzlib.zip.StoredEntry::readLocalHeader (422 bytes)
Event: 241.595 Thread 0x0000000016e9b800 13501       3       java.util.stream.Collectors::joining (9 bytes)
Event: 241.595 Thread 0x0000000016e8f800 nmethod 13498 0x0000000005a1f8d0 code [0x0000000005a1fa20, 0x0000000005a1fc38]
Event: 241.595 Thread 0x0000000016e8f800 13499   !   4       com.android.apkzlib.zip.CentralDirectory::readEntry (695 bytes)

GC Heap History (10 events):
Event: 13.725 GC heap before
{Heap before GC invocations=11 (full 2):
 PSYoungGen      total 261120K, used 52671K [0x00000000e0000000, 0x00000000f1b80000, 0x0000000100000000)
  eden space 244224K, 14% used [0x00000000e0000000,0x00000000e22f4940,0x00000000eee80000)
  from space 16896K, 99% used [0x00000000f0400000,0x00000000f147b530,0x00000000f1480000)
  to   space 22016K, 0% used [0x00000000eee80000,0x00000000eee80000,0x00000000f0400000)
 ParOldGen       total 161280K, used 26817K [0x00000000a0000000, 0x00000000a9d80000, 0x00000000e0000000)
  object space 161280K, 16% used [0x00000000a0000000,0x00000000a1a30660,0x00000000a9d80000)
 Metaspace       used 57108K, capacity 58846K, committed 59008K, reserved 1099776K
  class space    used 7773K, capacity 8196K, committed 8320K, reserved 1048576K
Event: 13.752 GC heap after
Heap after GC invocations=11 (full 2):
 PSYoungGen      total 266240K, used 20995K [0x00000000e0000000, 0x00000000f9400000, 0x0000000100000000)
  eden space 244224K, 0% used [0x00000000e0000000,0x00000000e0000000,0x00000000eee80000)
  from space 22016K, 95% used [0x00000000eee80000,0x00000000f0300e50,0x00000000f0400000)
  to   space 24576K, 0% used [0x00000000f7c00000,0x00000000f7c00000,0x00000000f9400000)
 ParOldGen       total 161280K, used 26825K [0x00000000a0000000, 0x00000000a9d80000, 0x00000000e0000000)
  object space 161280K, 16% used [0x00000000a0000000,0x00000000a1a32660,0x00000000a9d80000)
 Metaspace       used 57108K, capacity 58846K, committed 59008K, reserved 1099776K
  class space    used 7773K, capacity 8196K, committed 8320K, reserved 1048576K
}
Event: 13.752 GC heap before
{Heap before GC invocations=12 (full 3):
 PSYoungGen      total 266240K, used 20995K [0x00000000e0000000, 0x00000000f9400000, 0x0000000100000000)
  eden space 244224K, 0% used [0x00000000e0000000,0x00000000e0000000,0x00000000eee80000)
  from space 22016K, 95% used [0x00000000eee80000,0x00000000f0300e50,0x00000000f0400000)
  to   space 24576K, 0% used [0x00000000f7c00000,0x00000000f7c00000,0x00000000f9400000)
 ParOldGen       total 161280K, used 26825K [0x00000000a0000000, 0x00000000a9d80000, 0x00000000e0000000)
  object space 161280K, 16% used [0x00000000a0000000,0x00000000a1a32660,0x00000000a9d80000)
 Metaspace       used 57108K, capacity 58846K, committed 59008K, reserved 1099776K
  class space    used 7773K, capacity 8196K, committed 8320K, reserved 1048576K
Event: 14.009 GC heap after
Heap after GC invocations=12 (full 3):
 PSYoungGen      total 266240K, used 0K [0x00000000e0000000, 0x00000000f9400000, 0x0000000100000000)
  eden space 244224K, 0% used [0x00000000e0000000,0x00000000e0000000,0x00000000eee80000)
  from space 22016K, 0% used [0x00000000eee80000,0x00000000eee80000,0x00000000f0400000)
  to   space 24576K, 0% used [0x00000000f7c00000,0x00000000f7c00000,0x00000000f9400000)
 ParOldGen       total 215040K, used 38148K [0x00000000a0000000, 0x00000000ad200000, 0x00000000e0000000)
  object space 215040K, 17% used [0x00000000a0000000,0x00000000a2541390,0x00000000ad200000)
 Metaspace       used 57108K, capacity 58846K, committed 59008K, reserved 1099776K
  class space    used 7773K, capacity 8196K, committed 8320K, reserved 1048576K
}
Event: 32.180 GC heap before
{Heap before GC invocations=13 (full 3):
 PSYoungGen      total 266240K, used 244224K [0x00000000e0000000, 0x00000000f9400000, 0x0000000100000000)
  eden space 244224K, 100% used [0x00000000e0000000,0x00000000eee80000,0x00000000eee80000)
  from space 22016K, 0% used [0x00000000eee80000,0x00000000eee80000,0x00000000f0400000)
  to   space 24576K, 0% used [0x00000000f7c00000,0x00000000f7c00000,0x00000000f9400000)
 ParOldGen       total 215040K, used 38148K [0x00000000a0000000, 0x00000000ad200000, 0x00000000e0000000)
  object space 215040K, 17% used [0x00000000a0000000,0x00000000a2541390,0x00000000ad200000)
 Metaspace       used 64588K, capacity 66794K, committed 67072K, reserved 1107968K
  class space    used 8553K, capacity 9128K, committed 9216K, reserved 1048576K
Event: 32.205 GC heap after
Heap after GC invocations=13 (full 3):
 PSYoungGen      total 357888K, used 24497K [0x00000000e0000000, 0x00000000f9400000, 0x0000000100000000)
  eden space 333312K, 0% used [0x00000000e0000000,0x00000000e0000000,0x00000000f4580000)
  from space 24576K, 99% used [0x00000000f7c00000,0x00000000f93ec4c0,0x00000000f9400000)
  to   space 27136K, 0% used [0x00000000f5f00000,0x00000000f5f00000,0x00000000f7980000)
 ParOldGen       total 215040K, used 38156K [0x00000000a0000000, 0x00000000ad200000, 0x00000000e0000000)
  object space 215040K, 17% used [0x00000000a0000000,0x00000000a2543390,0x00000000ad200000)
 Metaspace       used 64588K, capacity 66794K, committed 67072K, reserved 1107968K
  class space    used 8553K, capacity 9128K, committed 9216K, reserved 1048576K
}
Event: 230.070 GC heap before
{Heap before GC invocations=14 (full 3):
 PSYoungGen      total 357888K, used 357120K [0x00000000e0000000, 0x00000000f9400000, 0x0000000100000000)
  eden space 333312K, 99% used [0x00000000e0000000,0x00000000f44d3e48,0x00000000f4580000)
  from space 24576K, 99% used [0x00000000f7c00000,0x00000000f93ec4c0,0x00000000f9400000)
  to   space 27136K, 0% used [0x00000000f5f00000,0x00000000f5f00000,0x00000000f7980000)
 ParOldGen       total 215040K, used 38156K [0x00000000a0000000, 0x00000000ad200000, 0x00000000e0000000)
  object space 215040K, 17% used [0x00000000a0000000,0x00000000a2543390,0x00000000ad200000)
 Metaspace       used 76167K, capacity 79008K, committed 79104K, reserved 1118208K
  class space    used 9842K, capacity 10477K, committed 10496K, reserved 1048576K
Event: 230.149 GC heap after
Heap after GC invocations=14 (full 3):
 PSYoungGen      total 360448K, used 17736K [0x00000000e0000000, 0x00000000f9400000, 0x0000000100000000)
  eden space 333312K, 0% used [0x00000000e0000000,0x00000000e0000000,0x00000000f4580000)
  from space 27136K, 65% used [0x00000000f5f00000,0x00000000f70521d8,0x00000000f7980000)
  to   space 24576K, 0% used [0x00000000f7c00000,0x00000000f7c00000,0x00000000f9400000)
 ParOldGen       total 215040K, used 47252K [0x00000000a0000000, 0x00000000ad200000, 0x00000000e0000000)
  object space 215040K, 21% used [0x00000000a0000000,0x00000000a2e25340,0x00000000ad200000)
 Metaspace       used 76167K, capacity 79008K, committed 79104K, reserved 1118208K
  class space    used 9842K, capacity 10477K, committed 10496K, reserved 1048576K
}
Event: 233.536 GC heap before
{Heap before GC invocations=15 (full 3):
 PSYoungGen      total 360448K, used 351048K [0x00000000e0000000, 0x00000000f9400000, 0x0000000100000000)
  eden space 333312K, 100% used [0x00000000e0000000,0x00000000f4580000,0x00000000f4580000)
  from space 27136K, 65% used [0x00000000f5f00000,0x00000000f70521d8,0x00000000f7980000)
  to   space 24576K, 0% used [0x00000000f7c00000,0x00000000f7c00000,0x00000000f9400000)
 ParOldGen       total 215040K, used 47252K [0x00000000a0000000, 0x00000000ad200000, 0x00000000e0000000)
  object space 215040K, 21% used [0x00000000a0000000,0x00000000a2e25340,0x00000000ad200000)
 Metaspace       used 76683K, capacity 79676K, committed 79744K, reserved 1118208K
  class space    used 9919K, capacity 10613K, committed 10624K, reserved 1048576K
Event: 233.553 GC heap after
Heap after GC invocations=15 (full 3):
 PSYoungGen      total 357888K, used 1094K [0x00000000e0000000, 0x00000000f9400000, 0x0000000100000000)
  eden space 333312K, 0% used [0x00000000e0000000,0x00000000e0000000,0x00000000f4580000)
  from space 24576K, 4% used [0x00000000f7c00000,0x00000000f7d11bc0,0x00000000f9400000)
  to   space 27136K, 0% used [0x00000000f5f00000,0x00000000f5f00000,0x00000000f7980000)
 ParOldGen       total 215040K, used 60308K [0x00000000a0000000, 0x00000000ad200000, 0x00000000e0000000)
  object space 215040K, 28% used [0x00000000a0000000,0x00000000a3ae50f0,0x00000000ad200000)
 Metaspace       used 76683K, capacity 79676K, committed 79744K, reserved 1118208K
  class space    used 9919K, capacity 10613K, committed 10624K, reserved 1048576K
}

Deoptimization events (10 events):
Event: 237.610 Thread 0x000000001bb69800 Uncommon trap: reason=unstable_if action=reinterpret pc=0x0000000003de40a0 method=org.gradle.internal.time.MonotonicClock.advance(J)J @ 25
Event: 238.763 Thread 0x000000001f1fe000 Uncommon trap: reason=unstable_if action=reinterpret pc=0x000000000444514c method=java.util.regex.Matcher.appendReplacement(Ljava/lang/StringBuffer;Ljava/lang/String;)Ljava/util/regex/Matcher; @ 47
Event: 238.763 Thread 0x000000001f1fc000 Uncommon trap: reason=unstable_if action=reinterpret pc=0x000000000444514c method=java.util.regex.Matcher.appendReplacement(Ljava/lang/StringBuffer;Ljava/lang/String;)Ljava/util/regex/Matcher; @ 47
Event: 238.799 Thread 0x000000001f1fc000 Uncommon trap: reason=null_assert action=make_not_entrant pc=0x000000000375bbc4 method=java.util.zip.ZipEntry.<init>(Ljava/util/zip/ZipEntry;)V @ 70
Event: 239.060 Thread 0x000000001f1fc000 Uncommon trap: reason=unstable_if action=reinterpret pc=0x00000000036f52dc method=java.util.LinkedHashMap.afterNodeInsertion(Z)V @ 18
Event: 239.375 Thread 0x000000001bb74000 Uncommon trap: reason=bimorphic action=maybe_recompile pc=0x0000000004e24904 method=com.sun.org.apache.xerces.internal.impl.XMLEntityScanner.load(IZZ)Z @ 81
Event: 239.376 Thread 0x000000001bb74000 Uncommon trap: reason=bimorphic action=maybe_recompile pc=0x0000000004da01b8 method=com.sun.org.apache.xerces.internal.impl.XMLEntityScanner.load(IZZ)Z @ 81
Event: 241.520 Thread 0x000000001f1fb000 Uncommon trap: reason=unstable_if action=reinterpret pc=0x0000000004551acc method=sun.nio.fs.WindowsPathParser.isSlash(C)Z @ 9
Event: 241.520 Thread 0x000000001f1fb000 Uncommon trap: reason=unstable_if action=reinterpret pc=0x000000000412a2f8 method=sun.nio.fs.WindowsPathParser.isSlash(C)Z @ 9
Event: 241.521 Thread 0x000000001f1ff000 Uncommon trap: reason=unstable_if action=reinterpret pc=0x0000000004539ad8 method=sun.nio.fs.WindowsPathParser.isSlash(C)Z @ 9

Classes redefined (0 events):
No events

Internal exceptions (10 events):
Event: 241.579 Thread 0x000000001f1fb000 Exception <a 'java/lang/OutOfMemoryError'> (0x00000000e93f7ef0) thrown at [D:\src\AOSP-openjdk-cygwin\jdk8u\hotspot\src\share\vm\prims\jni.cpp, line 735]
Event: 241.580 Thread 0x000000001bb74000 Exception <a 'sun/nio/fs/WindowsException'> (0x00000000e945e110) thrown at [D:\src\AOSP-openjdk-cygwin\jdk8u\hotspot\src\share\vm\prims\jni.cpp, line 709]
Event: 241.580 Thread 0x000000001bb74000 Exception <a 'sun/nio/fs/WindowsException'> (0x00000000e945ec68) thrown at [D:\src\AOSP-openjdk-cygwin\jdk8u\hotspot\src\share\vm\prims\jni.cpp, line 709]
Event: 241.580 Thread 0x000000001bb74000 Exception <a 'sun/nio/fs/WindowsException'> (0x00000000e94601c0) thrown at [D:\src\AOSP-openjdk-cygwin\jdk8u\hotspot\src\share\vm\prims\jni.cpp, line 709]
Event: 241.585 Thread 0x000000001bb74000 Exception <a 'sun/nio/fs/WindowsException'> (0x00000000e948e778) thrown at [D:\src\AOSP-openjdk-cygwin\jdk8u\hotspot\src\share\vm\prims\jni.cpp, line 709]
Event: 241.585 Thread 0x000000001bb74000 Exception <a 'sun/nio/fs/WindowsException'> (0x00000000e948f2d0) thrown at [D:\src\AOSP-openjdk-cygwin\jdk8u\hotspot\src\share\vm\prims\jni.cpp, line 709]
Event: 241.585 Thread 0x000000001bb74000 Exception <a 'sun/nio/fs/WindowsException'> (0x00000000e9490828) thrown at [D:\src\AOSP-openjdk-cygwin\jdk8u\hotspot\src\share\vm\prims\jni.cpp, line 709]
Event: 241.593 Thread 0x000000001bb74000 Exception <a 'sun/nio/fs/WindowsException'> (0x00000000e9630f58) thrown at [D:\src\AOSP-openjdk-cygwin\jdk8u\hotspot\src\share\vm\prims\jni.cpp, line 709]
Event: 241.593 Thread 0x000000001bb74000 Exception <a 'sun/nio/fs/WindowsException'> (0x00000000e9631ab0) thrown at [D:\src\AOSP-openjdk-cygwin\jdk8u\hotspot\src\share\vm\prims\jni.cpp, line 709]
Event: 241.593 Thread 0x000000001bb74000 Exception <a 'sun/nio/fs/WindowsException'> (0x00000000e9633008) thrown at [D:\src\AOSP-openjdk-cygwin\jdk8u\hotspot\src\share\vm\prims\jni.cpp, line 709]

Events (10 events):
Event: 241.576 loading class com/android/tools/r8/com/google/common/collect/ImmutableMap
Event: 241.576 loading class com/android/tools/r8/com/google/common/collect/ImmutableMap done
Event: 241.578 loading class com/android/tools/r8/com/google/common/collect/RegularImmutableMap
Event: 241.578 loading class com/android/tools/r8/com/google/common/collect/RegularImmutableMap done
Event: 241.579 loading class com/android/tools/r8/com/google/common/collect/ImmutableBiMap
Event: 241.579 loading class com/android/tools/r8/com/google/common/collect/ImmutableBiMap done
Event: 241.580 loading class com/android/tools/r8/com/google/common/collect/BiMap
Event: 241.580 loading class com/android/tools/r8/com/google/common/collect/BiMap done
Event: 241.593 loading class com/android/tools/r8/com/google/common/collect/ImmutableBiMapFauxverideShim
Event: 241.593 loading class com/android/tools/r8/com/google/common/collect/ImmutableBiMapFauxverideShim done


Dynamic libraries:
0x00007ff7a1680000 - 0x00007ff7a16b1000 	C:\Program Files\Android\Android Studio\jre\bin\java.exe
0x00007fff95960000 - 0x00007fff95b41000 	C:\WINDOWS\SYSTEM32\ntdll.dll
0x00007fff92e90000 - 0x00007fff92f42000 	C:\WINDOWS\System32\KERNEL32.DLL
0x00007fff92a00000 - 0x00007fff92c73000 	C:\WINDOWS\System32\KERNELBASE.dll
0x00007fff94430000 - 0x00007fff944d1000 	C:\WINDOWS\System32\ADVAPI32.dll
0x00007fff92df0000 - 0x00007fff92e8e000 	C:\WINDOWS\System32\msvcrt.dll
0x00007fff932c0000 - 0x00007fff9331b000 	C:\WINDOWS\System32\sechost.dll
0x00007fff938a0000 - 0x00007fff939c4000 	C:\WINDOWS\System32\RPCRT4.dll
0x00007fff942a0000 - 0x00007fff94430000 	C:\WINDOWS\System32\USER32.dll
0x00007fff92d20000 - 0x00007fff92d40000 	C:\WINDOWS\System32\win32u.dll
0x00007fff93a80000 - 0x00007fff93aa8000 	C:\WINDOWS\System32\GDI32.dll
0x00007fff92670000 - 0x00007fff92802000 	C:\WINDOWS\System32\gdi32full.dll
0x00007fff92c80000 - 0x00007fff92d1f000 	C:\WINDOWS\System32\msvcp_win.dll
0x00007fff92570000 - 0x00007fff9266a000 	C:\WINDOWS\System32\ucrtbase.dll
0x00007fff7ed60000 - 0x00007fff7efc9000 	C:\WINDOWS\WinSxS\amd64_microsoft.windows.common-controls_6595b64144ccf1df_6.0.17134.228_none_fb4599993062b194\COMCTL32.dll
0x00007fff934d0000 - 0x00007fff937f3000 	C:\WINDOWS\System32\combase.dll
0x00007fff92440000 - 0x00007fff924ba000 	C:\WINDOWS\System32\bcryptPrimitives.dll
0x00007fff92fb0000 - 0x00007fff92fdd000 	C:\WINDOWS\System32\IMM32.DLL
0x0000000071fe0000 - 0x00000000720b2000 	C:\Program Files\Android\Android Studio\jre\jre\bin\msvcr100.dll
0x0000000071100000 - 0x000000007193f000 	C:\Program Files\Android\Android Studio\jre\jre\bin\server\jvm.dll
0x00007fff94290000 - 0x00007fff94298000 	C:\WINDOWS\System32\PSAPI.DLL
0x00007fff79c20000 - 0x00007fff79c29000 	C:\WINDOWS\SYSTEM32\WSOCK32.dll
0x00007fff88400000 - 0x00007fff88423000 	C:\WINDOWS\SYSTEM32\WINMM.dll
0x00007fff80a30000 - 0x00007fff80a3a000 	C:\WINDOWS\SYSTEM32\VERSION.dll
0x00007fff93cb0000 - 0x00007fff93d1c000 	C:\WINDOWS\System32\WS2_32.dll
0x00007fff883d0000 - 0x00007fff883fa000 	C:\WINDOWS\SYSTEM32\WINMMBASE.dll
0x00007fff924c0000 - 0x00007fff92509000 	C:\WINDOWS\System32\cfgmgr32.dll
0x00007fff8d2f0000 - 0x00007fff8d2ff000 	C:\Program Files\Android\Android Studio\jre\jre\bin\verify.dll
0x00007fff88470000 - 0x00007fff88499000 	C:\Program Files\Android\Android Studio\jre\jre\bin\java.dll
0x00007fff819e0000 - 0x00007fff819f6000 	C:\Program Files\Android\Android Studio\jre\jre\bin\zip.dll
0x00007fff944e0000 - 0x00007fff95920000 	C:\WINDOWS\System32\SHELL32.dll
0x00007fff939d0000 - 0x00007fff93a79000 	C:\WINDOWS\System32\shcore.dll
0x00007fff91d30000 - 0x00007fff9243d000 	C:\WINDOWS\System32\windows.storage.dll
0x00007fff92f50000 - 0x00007fff92fa1000 	C:\WINDOWS\System32\shlwapi.dll
0x00007fff91c70000 - 0x00007fff91c81000 	C:\WINDOWS\System32\kernel.appcore.dll
0x00007fff91d10000 - 0x00007fff91d2f000 	C:\WINDOWS\System32\profapi.dll
0x00007fff91ca0000 - 0x00007fff91cec000 	C:\WINDOWS\System32\powrprof.dll
0x00007fff91c90000 - 0x00007fff91c9a000 	C:\WINDOWS\System32\FLTLIB.DLL
0x00007fff805a0000 - 0x00007fff805ba000 	C:\Program Files\Android\Android Studio\jre\jre\bin\net.dll
0x00007fff914f0000 - 0x00007fff91556000 	C:\WINDOWS\system32\mswsock.dll
0x00007fff7df80000 - 0x00007fff7df91000 	C:\Program Files\Android\Android Studio\jre\jre\bin\nio.dll
0x00007fff89b50000 - 0x00007fff89b6e000 	C:\Users\Holmes\.gradle\native\25\windows-amd64\native-platform.dll
0x00007fff8d270000 - 0x00007fff8d27d000 	C:\Program Files\Android\Android Studio\jre\jre\bin\management.dll
0x00007fff916b0000 - 0x00007fff916c7000 	C:\WINDOWS\SYSTEM32\CRYPTSP.dll
0x00007fff910d0000 - 0x00007fff91103000 	C:\WINDOWS\system32\rsaenh.dll
0x00007fff917d0000 - 0x00007fff917f5000 	C:\WINDOWS\SYSTEM32\bcrypt.dll
0x00007fff91b70000 - 0x00007fff91b98000 	C:\WINDOWS\SYSTEM32\USERENV.dll
0x00007fff916a0000 - 0x00007fff916ab000 	C:\WINDOWS\SYSTEM32\CRYPTBASE.dll
0x00007fff91270000 - 0x00007fff912a8000 	C:\WINDOWS\SYSTEM32\IPHLPAPI.DLL
0x00007fff95920000 - 0x00007fff95928000 	C:\WINDOWS\System32\NSI.dll
0x00007fff8cd10000 - 0x00007fff8cd26000 	C:\WINDOWS\SYSTEM32\dhcpcsvc6.DLL
0x00007fff8ccf0000 - 0x00007fff8cd0a000 	C:\WINDOWS\SYSTEM32\dhcpcsvc.DLL
0x00007fff69890000 - 0x00007fff69a26000 	C:\Program Files\Android\Android Studio\jre\jre\bin\awt.dll
0x00007fff93320000 - 0x00007fff933e2000 	C:\WINDOWS\System32\OLEAUT32.dll
0x00007fff8f220000 - 0x00007fff8f7e7000 	C:\WINDOWS\SYSTEM32\d2d1.dll
0x00007fff8fdf0000 - 0x00007fff8fe7b000 	C:\WINDOWS\SYSTEM32\apphelp.dll
0x00007fff903c0000 - 0x00007fff903e9000 	C:\WINDOWS\system32\DWMAPI.DLL
0x00007fff90130000 - 0x00007fff901c8000 	C:\WINDOWS\system32\uxtheme.dll

VM Arguments:
jvm_args: -Xmx1536m -Dfile.encoding=windows-1252 -Duser.country=AU -Duser.language=en -Duser.variant 
java_command: org.gradle.launcher.daemon.bootstrap.GradleDaemon 4.4
java_class_path (initial): C:\Users\Holmes\.gradle\wrapper\dists\gradle-4.4-all\9br9xq1tocpiv8o6njlyu5op1\gradle-4.4\lib\gradle-launcher-4.4.jar
Launcher Type: SUN_STANDARD

Environment Variables:
PATH=C:\Program Files (x86)\Common Files\Oracle\Java\javapath;C:\Windows\System32;C:\Windows;C:\Windows\System32\wbem;C:\Windows\System32\WindowsPowerShell\v1.0\;C:\Program Files (x86)\GnuPG\bin;C:\WINDOWS\system32;C:\WINDOWS;C:\WINDOWS\System32\Wbem;C:\WINDOWS\System32\WindowsPowerShell\v1.0\;C:\WINDOWS\System32\OpenSSH\;C:\Users\Holmes\AppData\Local\Programs\Python\Python36-32\Scripts\;C:\Users\Holmes\AppData\Local\Programs\Python\Python36-32\;C:\Users\Holmes\AppData\Local\Microsoft\WindowsApps;C:\Users\Holmes\AppData\Local\Programs\Fiddler;C:\Users\Holmes\AppData\Local\Microsoft\WindowsApps;C:\Program Files\Java\jdk1.8.0_181\bin;C:\Users\Holmes\AppData\Local\Android\sdk\platform-tools;
USERNAME=Holmes
OS=Windows_NT
PROCESSOR_IDENTIFIER=Intel64 Family 6 Model 78 Stepping 3, GenuineIntel



---------------  S Y S T E M  ---------------

OS: Windows 10.0 , 64 bit Build 17134 (10.0.17134.1)

CPU:total 4 (initial active 4) (2 cores per cpu, 2 threads per core) family 6 model 78 stepping 3, cmov, cx8, fxsr, mmx, sse, sse2, sse3, ssse3, sse4.1, sse4.2, popcnt, avx, avx2, aes, clmul, erms, rtm, 3dnowpref, lzcnt, ht, tsc, tscinvbit, bmi1, bmi2, adx

Memory: 4k page, physical 16700508k(6685304k free), swap 47657176k(2416k free)

vm_info: OpenJDK 64-Bit Server VM (25.152-b02) for windows-amd64 JRE (1.8.0_152-release-1024-b02), built by "builder" with MS VC++ 10.0 (VS2010)

time: Tue Aug 28 18:06:30 2018
elapsed time: 241 seconds (0d 0h 4m 1s)

